# JRE version: OpenJDK Runtime Environment Microsoft-11926163 (17.0.16+8) (build 17.0.16+8-LTS)
# Java VM: OpenJDK 64-Bit Server VM Microsoft-11926163 (17.0.16+8-LTS, mixed mode, sharing, tiered, compressed oops, compressed class ptrs, g1 gc, windows-amd64)
GC Precious Log:
 CPUs: 32 total, 32 available
 Memory: 65298M
 Large Page Support: Disabled
 NUMA Support: Disabled
 Compressed Oops: Enabled (Zero based)
 Heap Region Size: 8M
 Heap Min Capacity: 8M
 Heap Initial Capacity: 1G
 Heap Max Capacity: 16328M
 Pre-touch: Disabled
 Parallel Workers: 23
 Concurrent Workers: 6
 Concurrent Refinement Workers: 23
 Periodic GC: Disabled
Heap:
 garbage-first heap   total 581632K, used 80676K [0x0000000403800000, 0x0000000800000000)
  region size 8192K, 7 young (57344K), 1 survivors (8192K)
 Metaspace       used 67863K, committed 68480K, reserved 1114112K
  class space    used 9571K, committed 9856K, reserved 1048576K
GC Heap History (20 events):
Event: 3.328 GC heap before
{Heap before GC invocations=3 (full 0):
 garbage-first heap   total 114688K, used 63226K [0x0000000403800000, 0x0000000800000000)
  region size 8192K, 8 young (65536K), 1 survivors (8192K)
 Metaspace       used 29333K, committed 29760K, reserved 1114112K
  class space    used 3781K, committed 3968K, reserved 1048576K
}
Event: 3.331 GC heap after
{Heap after GC invocations=4 (full 0):
 garbage-first heap   total 114688K, used 18227K [0x0000000403800000, 0x0000000800000000)
  region size 8192K, 1 young (8192K), 1 survivors (8192K)
 Metaspace       used 29333K, committed 29760K, reserved 1114112K
  class space    used 3781K, committed 3968K, reserved 1048576K
}
Event: 3.467 GC heap before
{Heap before GC invocations=4 (full 0):
 garbage-first heap   total 114688K, used 26419K [0x0000000403800000, 0x0000000800000000)
  region size 8192K, 2 young (16384K), 1 survivors (8192K)
 Metaspace       used 31073K, committed 31552K, reserved 1114112K
  class space    used 3954K, committed 4224K, reserved 1048576K
}
Event: 3.471 GC heap after
{Heap after GC invocations=5 (full 0):
 garbage-first heap   total 114688K, used 19379K [0x0000000403800000, 0x0000000800000000)
  region size 8192K, 1 young (8192K), 1 survivors (8192K)
 Metaspace       used 31073K, committed 31552K, reserved 1114112K
  class space    used 3954K, committed 4224K, reserved 1048576K
}
Event: 3.863 GC heap before
{Heap before GC invocations=5 (full 0):
 garbage-first heap   total 114688K, used 35763K [0x0000000403800000, 0x0000000800000000)
  region size 8192K, 4 young (32768K), 1 survivors (8192K)
 Metaspace       used 35494K, committed 35968K, reserved 1114112K
  class space    used 4600K, committed 4864K, reserved 1048576K
}
Event: 3.864 GC heap after
{Heap after GC invocations=6 (full 0):
 garbage-first heap   total 114688K, used 20005K [0x0000000403800000, 0x0000000800000000)
  region size 8192K, 1 young (8192K), 1 survivors (8192K)
 Metaspace       used 35494K, committed 35968K, reserved 1114112K
  class space    used 4600K, committed 4864K, reserved 1048576K
}
Event: 4.635 GC heap before
{Heap before GC invocations=7 (full 0):
 garbage-first heap   total 114688K, used 52773K [0x0000000403800000, 0x0000000800000000)
  region size 8192K, 6 young (49152K), 1 survivors (8192K)
 Metaspace       used 45560K, committed 46016K, reserved 1114112K
  class space    used 6044K, committed 6272K, reserved 1048576K
}
Event: 4.637 GC heap after
{Heap after GC invocations=8 (full 0):
 garbage-first heap   total 114688K, used 22141K [0x0000000403800000, 0x0000000800000000)
  region size 8192K, 1 young (8192K), 1 survivors (8192K)
 Metaspace       used 45560K, committed 46016K, reserved 1114112K
  class space    used 6044K, committed 6272K, reserved 1048576K
}
Event: 5.089 GC heap before
{Heap before GC invocations=8 (full 0):
 garbage-first heap   total 114688K, used 63101K [0x0000000403800000, 0x0000000800000000)
  region size 8192K, 6 young (49152K), 1 survivors (8192K)
 Metaspace       used 54630K, committed 55104K, reserved 1114112K
  class space    used 7414K, committed 7616K, reserved 1048576K
}
Event: 5.091 GC heap after
{Heap after GC invocations=9 (full 0):
 garbage-first heap   total 114688K, used 24173K [0x0000000403800000, 0x0000000800000000)
  region size 8192K, 1 young (8192K), 1 survivors (8192K)
 Metaspace       used 54630K, committed 55104K, reserved 1114112K
  class space    used 7414K, committed 7616K, reserved 1048576K
}
Event: 5.740 GC heap before
{Heap before GC invocations=9 (full 0):
 garbage-first heap   total 114688K, used 48749K [0x0000000403800000, 0x0000000800000000)
  region size 8192K, 5 young (40960K), 1 survivors (8192K)
 Metaspace       used 59562K, committed 60160K, reserved 1114112K
  class space    used 8107K, committed 8448K, reserved 1048576K
}
Event: 5.743 GC heap after
{Heap after GC invocations=10 (full 0):
 garbage-first heap   total 114688K, used 25814K [0x0000000403800000, 0x0000000800000000)
  region size 8192K, 1 young (8192K), 1 survivors (8192K)
 Metaspace       used 59562K, committed 60160K, reserved 1114112K
  class space    used 8107K, committed 8448K, reserved 1048576K
}
Event: 6.102 GC heap before
{Heap before GC invocations=11 (full 0):
 garbage-first heap   total 114688K, used 74966K [0x0000000403800000, 0x0000000800000000)
  region size 8192K, 7 young (57344K), 1 survivors (8192K)
 Metaspace       used 64523K, committed 65152K, reserved 1114112K
  class space    used 8989K, committed 9280K, reserved 1048576K
}
Event: 6.104 GC heap after
{Heap after GC invocations=12 (full 0):
 garbage-first heap   total 114688K, used 30544K [0x0000000403800000, 0x0000000800000000)
  region size 8192K, 1 young (8192K), 1 survivors (8192K)
 Metaspace       used 64523K, committed 65152K, reserved 1114112K
  class space    used 8989K, committed 9280K, reserved 1048576K
}
Event: 6.269 GC heap before
{Heap before GC invocations=12 (full 0):
 garbage-first heap   total 114688K, used 79696K [0x0000000403800000, 0x0000000800000000)
  region size 8192K, 7 young (57344K), 1 survivors (8192K)
 Metaspace       used 66298K, committed 66944K, reserved 1114112K
  class space    used 9366K, committed 9664K, reserved 1048576K
}
Event: 6.272 GC heap after
{Heap after GC invocations=13 (full 0):
 garbage-first heap   total 114688K, used 34495K [0x0000000403800000, 0x0000000800000000)
  region size 8192K, 1 young (8192K), 1 survivors (8192K)
 Metaspace       used 66298K, committed 66944K, reserved 1114112K
  class space    used 9366K, committed 9664K, reserved 1048576K
}
Event: 6.323 GC heap before
{Heap before GC invocations=13 (full 0):
 garbage-first heap   total 114688K, used 75455K [0x0000000403800000, 0x0000000800000000)
  region size 8192K, 6 young (49152K), 1 survivors (8192K)
 Metaspace       used 66318K, committed 66944K, reserved 1114112K
  class space    used 9366K, committed 9664K, reserved 1048576K
}
Event: 6.324 GC heap after
{Heap after GC invocations=14 (full 0):
 garbage-first heap   total 114688K, used 34072K [0x0000000403800000, 0x0000000800000000)
  region size 8192K, 1 young (8192K), 1 survivors (8192K)
 Metaspace       used 66318K, committed 66944K, reserved 1114112K
  class space    used 9366K, committed 9664K, reserved 1048576K
}
Event: 6.383 GC heap before
{Heap before GC invocations=14 (full 0):
 garbage-first heap   total 114688K, used 75032K [0x0000000403800000, 0x0000000800000000)
  region size 8192K, 6 young (49152K), 1 survivors (8192K)
 Metaspace       used 66336K, committed 66944K, reserved 1114112K
  class space    used 9366K, committed 9664K, reserved 1048576K
}
Event: 6.386 GC heap after
{Heap after GC invocations=15 (full 0):
 garbage-first heap   total 581632K, used 39716K [0x0000000403800000, 0x0000000800000000)
  region size 8192K, 1 young (8192K), 1 survivors (8192K)
 Metaspace       used 66336K, committed 66944K, reserved 1114112K
  class space    used 9366K, committed 9664K, reserved 1048576K
}

